<?xml version="1.0" encoding="UTF-8"?>
<!-- Generated by org.testng.reporters.JUnitXMLReporter -->
<testsuite hostname="LM-SFA-11009685" name="Verify Price test" tests="1" failures="1" timestamp="23 Mar 2018 19:52:26 GMT" time="0.077" errors="0">
  <testcase name="@AfterClass afterClass" time="0.0" classname="com.realtor.tests.ItemDetailsTestPlan">
    <failure type="java.lang.NullPointerException">
      <![CDATA[java.lang.NullPointerException
	at com.realtor.tests.ItemDetailsTestPlan.afterClass(ItemDetailsTestPlan.java:25)
... Removed 24 stack frames]]>
    </failure>
  </testcase> <!-- @AfterClass afterClass -->
  <testcase name="testPrice" time="0.064" classname="com.realtor.tests.ItemDetailsTestPlan">
    <failure type="java.lang.IllegalStateException" message="The driver executable does not exist: /Users/rvallakati/Documents/workspace/realtor-test/src/test/resources/com/realtor/drivers/chromedriver">
      <![CDATA[java.lang.IllegalStateException: The driver executable does not exist: /Users/rvallakati/Documents/workspace/realtor-test/src/test/resources/com/realtor/drivers/chromedriver
	at com.google.common.base.Preconditions.checkState(Preconditions.java:585)
	at org.openqa.selenium.remote.service.DriverService.checkExecutable(DriverService.java:136)
	at org.openqa.selenium.remote.service.DriverService.findExecutable(DriverService.java:131)
	at org.openqa.selenium.chrome.ChromeDriverService.access$000(ChromeDriverService.java:32)
	at org.openqa.selenium.chrome.ChromeDriverService$Builder.findDefaultExecutable(ChromeDriverService.java:137)
	at org.openqa.selenium.remote.service.DriverService$Builder.build(DriverService.java:339)
	at org.openqa.selenium.chrome.ChromeDriverService.createDefaultService(ChromeDriverService.java:88)
	at org.openqa.selenium.chrome.ChromeDriver.<init>(ChromeDriver.java:123)
	at com.realtor.actions.CommonActions.DriverInstantiation(CommonActions.java:16)
	at com.realtor.tests.ItemDetailsTestPlan.testPrice(ItemDetailsTestPlan.java:17)
... Removed 24 stack frames]]>
    </failure>
  </testcase> <!-- testPrice -->
</testsuite> <!-- Verify Price test -->
